-------------------------------------------------------------------------------
Test set: com.mkyong.BookControllerRestTemplateTest
-------------------------------------------------------------------------------
Tests run: 8, Failures: 0, Errors: 8, Skipped: 0, Time elapsed: 0.638 s <<< FAILURE! - in com.mkyong.BookControllerRestTemplateTest
find_allBook_OK(com.mkyong.BookControllerRestTemplateTest)  Time elapsed: 0.019 s  <<< ERROR!
java.lang.NullPointerException
	at com.mkyong.BookControllerRestTemplateTest.init(BookControllerRestTemplateTest.java:43)

save_book_OK(com.mkyong.BookControllerRestTemplateTest)  Time elapsed: 0 s  <<< ERROR!
java.lang.NullPointerException
	at com.mkyong.BookControllerRestTemplateTest.init(BookControllerRestTemplateTest.java:43)

patch_bookAuthor_OK(com.mkyong.BookControllerRestTemplateTest)  Time elapsed: 0 s  <<< ERROR!
java.lang.NullPointerException
	at com.mkyong.BookControllerRestTemplateTest.init(BookControllerRestTemplateTest.java:43)

update_book_OK(com.mkyong.BookControllerRestTemplateTest)  Time elapsed: 0 s  <<< ERROR!
java.lang.NullPointerException
	at com.mkyong.BookControllerRestTemplateTest.init(BookControllerRestTemplateTest.java:43)

patch_bookPrice_405(com.mkyong.BookControllerRestTemplateTest)  Time elapsed: 0.001 s  <<< ERROR!
java.lang.NullPointerException
	at com.mkyong.BookControllerRestTemplateTest.init(BookControllerRestTemplateTest.java:43)

delete_book_OK(com.mkyong.BookControllerRestTemplateTest)  Time elapsed: 0 s  <<< ERROR!
java.lang.NullPointerException
	at com.mkyong.BookControllerRestTemplateTest.init(BookControllerRestTemplateTest.java:43)

find_bookIdNotFound_404(com.mkyong.BookControllerRestTemplateTest)  Time elapsed: 0.001 s  <<< ERROR!
java.lang.NullPointerException
	at com.mkyong.BookControllerRestTemplateTest.init(BookControllerRestTemplateTest.java:43)

find_bookId_OK(com.mkyong.BookControllerRestTemplateTest)  Time elapsed: 0.001 s  <<< ERROR!
java.lang.NullPointerException
	at com.mkyong.BookControllerRestTemplateTest.init(BookControllerRestTemplateTest.java:43)

